<?xml version="1.0" encoding="UTF-8"?>
<!-- Generated by org.testng.reporters.JUnitXMLReporter -->
<testsuite ignored="0" hostname="Debu" failures="0" tests="5" name="Default test" time="77.194" errors="0" timestamp="2025-09-08T09:26:59 IST">
  <testcase classname="HealthCare_test.Testing" name="home" time="7.144"/>
  <testcase classname="HealthCare_test.Testing" name="programSection" time="38.559"/>
  <testcase classname="HealthCare_test.Testing" name="Registration" time="10.59"/>
  <testcase classname="HealthCare_test.Testing" name="Login" time="10.826"/>
  <testcase classname="HealthCare_test.Testing" name="contactUs" time="3.512"/>
</testsuite> <!-- Default test -->
